<?xml version="1.0" encoding="UTF-8"?>
<coverage generated="1555424649320" clover="3.2.0">
  <project timestamp="1555424649320" name="All files">
    <metrics statements="51" coveredstatements="41" conditionals="13" coveredconditionals="7" methods="13" coveredmethods="10" elements="77" coveredelements="58" complexity="0" loc="51" ncloc="51" packages="2" files="4" classes="4">
      <package name="components">
        <metrics statements="50" coveredstatements="40" conditionals="13" coveredconditionals="7" methods="13" coveredmethods="10"/>
        <file name="LocationPicker.vue" path="/Users/jquinten/Projects/wgwdv-app/src/components/LocationPicker.vue">
          <metrics statements="2" coveredstatements="2" conditionals="0" coveredconditionals="0" methods="2" coveredmethods="2"/>
          <line num="20" count="1" type="stmt"/>
          <line num="25" count="1" type="stmt"/>
        </file>
        <file name="Weather.vue" path="/Users/jquinten/Projects/wgwdv-app/src/components/Weather.vue">
          <metrics statements="41" coveredstatements="31" conditionals="13" coveredconditionals="7" methods="9" coveredmethods="6"/>
          <line num="30" count="2" type="stmt"/>
          <line num="31" count="2" type="stmt"/>
          <line num="32" count="2" type="stmt"/>
          <line num="34" count="2" type="stmt"/>
          <line num="35" count="2" type="stmt"/>
          <line num="39" count="2" type="stmt"/>
          <line num="40" count="3" type="stmt"/>
          <line num="41" count="3" type="stmt"/>
          <line num="43" count="3" type="stmt"/>
          <line num="48" count="3" type="cond" truecount="3" falsecount="2"/>
          <line num="54" count="0" type="stmt"/>
          <line num="57" count="3" type="stmt"/>
          <line num="61" count="3" type="stmt"/>
          <line num="62" count="3" type="stmt"/>
          <line num="63" count="0" type="stmt"/>
          <line num="67" count="2" type="stmt"/>
          <line num="68" count="3" type="cond" truecount="1" falsecount="1"/>
          <line num="69" count="3" type="stmt"/>
          <line num="79" count="0" type="cond" truecount="0" falsecount="2"/>
          <line num="80" count="0" type="stmt"/>
          <line num="86" count="0" type="stmt"/>
          <line num="93" count="0" type="stmt"/>
          <line num="103" count="4" type="stmt"/>
          <line num="116" count="3" type="cond" truecount="1" falsecount="1"/>
          <line num="117" count="3" type="stmt"/>
          <line num="122" count="0" type="stmt"/>
          <line num="124" count="0" type="stmt"/>
          <line num="125" count="0" type="stmt"/>
          <line num="126" count="0" type="stmt"/>
          <line num="132" count="4" type="cond" truecount="2" falsecount="0"/>
          <line num="133" count="2" type="stmt"/>
          <line num="134" count="2" type="stmt"/>
          <line num="135" count="2" type="stmt"/>
          <line num="140" count="2" type="stmt"/>
          <line num="142" count="2" type="stmt"/>
          <line num="143" count="2" type="stmt"/>
          <line num="148" count="2" type="stmt"/>
          <line num="153" count="1" type="stmt"/>
          <line num="154" count="1" type="stmt"/>
          <line num="156" count="1" type="stmt"/>
          <line num="157" count="1" type="stmt"/>
        </file>
        <file name="WeatherDaily.vue" path="/Users/jquinten/Projects/wgwdv-app/src/components/WeatherDaily.vue">
          <metrics statements="7" coveredstatements="7" conditionals="0" coveredconditionals="0" methods="2" coveredmethods="2"/>
          <line num="19" count="3" type="stmt"/>
          <line num="20" count="3" type="stmt"/>
          <line num="27" count="1" type="stmt"/>
          <line num="32" count="1" type="stmt"/>
          <line num="33" count="1" type="stmt"/>
          <line num="36" count="1" type="stmt"/>
          <line num="39" count="1" type="stmt"/>
        </file>
      </package>
      <package name="router">
        <metrics statements="1" coveredstatements="1" conditionals="0" coveredconditionals="0" methods="0" coveredmethods="0"/>
        <file name="index.js" path="/Users/jquinten/Projects/wgwdv-app/src/router/index.js">
          <metrics statements="1" coveredstatements="1" conditionals="0" coveredconditionals="0" methods="0" coveredmethods="0"/>
          <line num="5" count="1" type="stmt"/>
        </file>
      </package>
    </metrics>
  </project>
</coverage>
