{"/Users/jquinten/Projects/vue-weather/src/components/LocationPicker.vue": {"path":"/Users/jquinten/Projects/vue-weather/src/components/LocationPicker.vue","statementMap":{"0":{"start":{"line":20,"column":0},"end":{"line":null,"column":-1}},"1":{"start":{"line":25,"column":0},"end":{"line":null,"column":-1}}},"fnMap":{"0":{"name":"(anonymous_1)","decl":{"start":{"line":20,"column":0},"end":{"line":null,"column":-1}},"loc":{"start":{"line":20,"column":0},"end":{"line":null,"column":-1}}},"1":{"name":"(anonymous_2)","decl":{"start":{"line":24,"column":0},"end":{"line":null,"column":-1}},"loc":{"start":{"line":24,"column":0},"end":{"line":26,"column":0}}}},"branchMap":{},"s":{"0":1,"1":1},"f":{"0":1,"1":1},"b":{}}
,"/Users/jquinten/Projects/vue-weather/src/components/Weather.vue": {"path":"/Users/jquinten/Projects/vue-weather/src/components/Weather.vue","statementMap":{"0":{"start":{"line":23,"column":0},"end":{"line":null,"column":-1}},"1":{"start":{"line":24,"column":0},"end":{"line":null,"column":-1}},"2":{"start":{"line":26,"column":0},"end":{"line":null,"column":-1}},"3":{"start":{"line":27,"column":0},"end":{"line":null,"column":-1}},"4":{"start":{"line":29,"column":0},"end":{"line":null,"column":-1}},"5":{"start":{"line":30,"column":0},"end":{"line":null,"column":-1}},"6":{"start":{"line":35,"column":0},"end":{"line":null,"column":-1}},"7":{"start":{"line":48,"column":0},"end":{"line":null,"column":-1}},"8":{"start":{"line":49,"column":0},"end":{"line":null,"column":-1}},"9":{"start":{"line":54,"column":0},"end":{"line":63,"column":0}},"10":{"start":{"line":55,"column":0},"end":{"line":null,"column":-1}},"11":{"start":{"line":60,"column":0},"end":{"line":null,"column":-1}},"12":{"start":{"line":61,"column":0},"end":{"line":null,"column":-1}},"13":{"start":{"line":62,"column":0},"end":{"line":null,"column":-1}},"14":{"start":{"line":67,"column":0},"end":{"line":87,"column":0}},"15":{"start":{"line":68,"column":0},"end":{"line":null,"column":-1}},"16":{"start":{"line":69,"column":0},"end":{"line":84,"column":0}},"17":{"start":{"line":70,"column":0},"end":{"line":null,"column":-1}},"18":{"start":{"line":75,"column":0},"end":{"line":83,"column":0}},"19":{"start":{"line":76,"column":0},"end":{"line":null,"column":-1}},"20":{"start":{"line":81,"column":0},"end":{"line":null,"column":-1}},"21":{"start":{"line":82,"column":0},"end":{"line":null,"column":-1}},"22":{"start":{"line":86,"column":0},"end":{"line":null,"column":-1}},"23":{"start":{"line":91,"column":0},"end":{"line":null,"column":-1}},"24":{"start":{"line":92,"column":0},"end":{"line":96,"column":0}},"25":{"start":{"line":94,"column":0},"end":{"line":null,"column":-1}},"26":{"start":{"line":95,"column":0},"end":{"line":null,"column":-1}}},"fnMap":{"0":{"name":"(anonymous_1)","decl":{"start":{"line":54,"column":0},"end":{"line":null,"column":-1}},"loc":{"start":{"line":54,"column":0},"end":{"line":63,"column":0}}},"1":{"name":"(anonymous_2)","decl":{"start":{"line":69,"column":0},"end":{"line":null,"column":-1}},"loc":{"start":{"line":69,"column":0},"end":{"line":84,"column":0}}},"2":{"name":"(anonymous_3)","decl":{"start":{"line":75,"column":0},"end":{"line":null,"column":-1}},"loc":{"start":{"line":75,"column":0},"end":{"line":83,"column":0}}},"3":{"name":"(anonymous_4)","decl":{"start":{"line":92,"column":0},"end":{"line":null,"column":-1}},"loc":{"start":{"line":92,"column":0},"end":{"line":96,"column":0}}}},"branchMap":{"0":{"loc":{"start":{"line":48,"column":0},"end":{"line":null,"column":-1}},"type":"if","locations":[{"start":{"line":48,"column":0},"end":{"line":null,"column":-1}},{"start":{"line":48,"column":0},"end":{"line":null,"column":-1}}]},"1":{"loc":{"start":{"line":67,"column":0},"end":{"line":87,"column":0}},"type":"if","locations":[{"start":{"line":67,"column":0},"end":{"line":87,"column":0}},{"start":{"line":67,"column":0},"end":{"line":87,"column":0}}]}},"s":{"0":2,"1":2,"2":2,"3":2,"4":2,"5":2,"6":4,"7":4,"8":2,"9":0,"10":0,"11":0,"12":0,"13":0,"14":4,"15":2,"16":2,"17":2,"18":2,"19":2,"20":2,"21":2,"22":2,"23":1,"24":1,"25":1,"26":1},"f":{"0":0,"1":2,"2":2,"3":1},"b":{"0":[1,2],"1":[2,2]}}
,"/Users/jquinten/Projects/vue-weather/src/components/WeatherDaily.vue": {"path":"/Users/jquinten/Projects/vue-weather/src/components/WeatherDaily.vue","statementMap":{"0":{"start":{"line":19,"column":0},"end":{"line":null,"column":-1}},"1":{"start":{"line":20,"column":0},"end":{"line":null,"column":-1}},"2":{"start":{"line":27,"column":0},"end":{"line":null,"column":-1}},"3":{"start":{"line":32,"column":0},"end":{"line":null,"column":-1}},"4":{"start":{"line":33,"column":0},"end":{"line":null,"column":-1}},"5":{"start":{"line":36,"column":0},"end":{"line":null,"column":-1}},"6":{"start":{"line":39,"column":0},"end":{"line":null,"column":-1}}},"fnMap":{"0":{"name":"(anonymous_1)","decl":{"start":{"line":27,"column":0},"end":{"line":null,"column":-1}},"loc":{"start":{"line":27,"column":0},"end":{"line":null,"column":-1}}},"1":{"name":"(anonymous_2)","decl":{"start":{"line":31,"column":0},"end":{"line":null,"column":-1}},"loc":{"start":{"line":31,"column":0},"end":{"line":34,"column":0}}}},"branchMap":{},"s":{"0":3,"1":3,"2":1,"3":1,"4":1,"5":1,"6":1},"f":{"0":1,"1":1},"b":{}}
,"/Users/jquinten/Projects/vue-weather/src/router/index.js": {"path":"/Users/jquinten/Projects/vue-weather/src/router/index.js","statementMap":{"0":{"start":{"line":5,"column":0},"end":{"line":5,"column":15}}},"fnMap":{},"branchMap":{},"s":{"0":1},"f":{},"b":{},"_coverageSchema":"332fd63041d2c1bcb487cc26dd0d5f7d97098a6c","hash":"492029cc2ffb7d45c5e0df7cc34fc047f82158aa"}
,"/Users/jquinten/Projects/vue-weather/src/utils/formatters.js": {"path":"/Users/jquinten/Projects/vue-weather/src/utils/formatters.js","statementMap":{"0":{"start":{"line":1,"column":25},"end":{"line":33,"column":1}},"1":{"start":{"line":2,"column":2},"end":{"line":2,"column":32}},"2":{"start":{"line":2,"column":16},"end":{"line":2,"column":32}},"3":{"start":{"line":3,"column":2},"end":{"line":12,"column":3}},"4":{"start":{"line":4,"column":4},"end":{"line":11,"column":5}},"5":{"start":{"line":14,"column":2},"end":{"line":32,"column":3}},"6":{"start":{"line":15,"column":4},"end":{"line":31,"column":5}},"7":{"start":{"line":21,"column":8},"end":{"line":27,"column":10}},"8":{"start":{"line":28,"column":8},"end":{"line":28,"column":21}}},"fnMap":{"0":{"name":"(anonymous_0)","decl":{"start":{"line":1,"column":25},"end":{"line":1,"column":26}},"loc":{"start":{"line":1,"column":44},"end":{"line":33,"column":1}},"line":1},"1":{"name":"(anonymous_1)","decl":{"start":{"line":20,"column":39},"end":{"line":20,"column":40}},"loc":{"start":{"line":20,"column":56},"end":{"line":29,"column":7}},"line":20}},"branchMap":{"0":{"loc":{"start":{"line":2,"column":2},"end":{"line":2,"column":32}},"type":"if","locations":[{"start":{"line":2,"column":2},"end":{"line":2,"column":32}},{"start":{"line":2,"column":2},"end":{"line":2,"column":32}}],"line":2},"1":{"loc":{"start":{"line":3,"column":2},"end":{"line":12,"column":3}},"type":"if","locations":[{"start":{"line":3,"column":2},"end":{"line":12,"column":3}},{"start":{"line":3,"column":2},"end":{"line":12,"column":3}}],"line":3},"2":{"loc":{"start":{"line":3,"column":6},"end":{"line":3,"column":33}},"type":"binary-expr","locations":[{"start":{"line":3,"column":6},"end":{"line":3,"column":11}},{"start":{"line":3,"column":15},"end":{"line":3,"column":33}}],"line":3},"3":{"loc":{"start":{"line":14,"column":2},"end":{"line":32,"column":3}},"type":"if","locations":[{"start":{"line":14,"column":2},"end":{"line":32,"column":3}},{"start":{"line":14,"column":2},"end":{"line":32,"column":3}}],"line":14}},"s":{"0":3,"1":7,"2":1,"3":6,"4":4,"5":2,"6":1,"7":2,"8":2},"f":{"0":7,"1":2},"b":{"0":[1,6],"1":[4,2],"2":[6,3],"3":[1,1]},"_coverageSchema":"332fd63041d2c1bcb487cc26dd0d5f7d97098a6c","hash":"32d7c22b48bd44061efe6c39fdd15244e790274c"}
,"/Users/jquinten/Projects/vue-weather/src/utils/services.js": {"path":"/Users/jquinten/Projects/vue-weather/src/utils/services.js","statementMap":{"0":{"start":{"line":3,"column":27},"end":{"line":23,"column":1}},"1":{"start":{"line":4,"column":2},"end":{"line":6,"column":3}},"2":{"start":{"line":5,"column":4},"end":{"line":5,"column":44}},"3":{"start":{"line":8,"column":17},"end":{"line":8,"column":52}},"4":{"start":{"line":9,"column":19},"end":{"line":9,"column":151}},"5":{"start":{"line":11,"column":24},"end":{"line":13,"column":52}},"6":{"start":{"line":15,"column":2},"end":{"line":22,"column":6}},"7":{"start":{"line":18,"column":6},"end":{"line":18,"column":26}},"8":{"start":{"line":21,"column":6},"end":{"line":21,"column":28}}},"fnMap":{"0":{"name":"(anonymous_0)","decl":{"start":{"line":3,"column":27},"end":{"line":3,"column":28}},"loc":{"start":{"line":3,"column":45},"end":{"line":23,"column":1}},"line":3},"1":{"name":"(anonymous_1)","decl":{"start":{"line":17,"column":10},"end":{"line":17,"column":11}},"loc":{"start":{"line":17,"column":22},"end":{"line":19,"column":5}},"line":17},"2":{"name":"(anonymous_2)","decl":{"start":{"line":20,"column":11},"end":{"line":20,"column":12}},"loc":{"start":{"line":20,"column":20},"end":{"line":22,"column":5}},"line":20}},"branchMap":{"0":{"loc":{"start":{"line":4,"column":2},"end":{"line":6,"column":3}},"type":"if","locations":[{"start":{"line":4,"column":2},"end":{"line":6,"column":3}},{"start":{"line":4,"column":2},"end":{"line":6,"column":3}}],"line":4}},"s":{"0":2,"1":1,"2":0,"3":1,"4":1,"5":1,"6":1,"7":1,"8":0},"f":{"0":1,"1":1,"2":0},"b":{"0":[0,1]},"_coverageSchema":"332fd63041d2c1bcb487cc26dd0d5f7d97098a6c","hash":"70b1d9efb474483f791ea4e5827087dc53f51bef"}
}
