{"/Users/jquinten/Projects/wgwdv-app/src/components/LocationPicker.vue": {"path":"/Users/jquinten/Projects/wgwdv-app/src/components/LocationPicker.vue","statementMap":{"0":{"start":{"line":20,"column":0},"end":{"line":null,"column":-1}},"1":{"start":{"line":25,"column":0},"end":{"line":null,"column":-1}}},"fnMap":{"0":{"name":"(anonymous_1)","decl":{"start":{"line":20,"column":0},"end":{"line":null,"column":-1}},"loc":{"start":{"line":20,"column":0},"end":{"line":null,"column":-1}}},"1":{"name":"(anonymous_2)","decl":{"start":{"line":24,"column":0},"end":{"line":null,"column":-1}},"loc":{"start":{"line":24,"column":0},"end":{"line":26,"column":0}}}},"branchMap":{},"s":{"0":1,"1":1},"f":{"0":1,"1":1},"b":{}}
,"/Users/jquinten/Projects/wgwdv-app/src/components/Weather.vue": {"path":"/Users/jquinten/Projects/wgwdv-app/src/components/Weather.vue","statementMap":{"0":{"start":{"line":30,"column":0},"end":{"line":null,"column":-1}},"1":{"start":{"line":31,"column":0},"end":{"line":null,"column":-1}},"2":{"start":{"line":32,"column":0},"end":{"line":null,"column":-1}},"3":{"start":{"line":34,"column":0},"end":{"line":null,"column":-1}},"4":{"start":{"line":35,"column":0},"end":{"line":null,"column":-1}},"5":{"start":{"line":39,"column":0},"end":{"line":65,"column":0}},"6":{"start":{"line":40,"column":0},"end":{"line":null,"column":-1}},"7":{"start":{"line":41,"column":0},"end":{"line":null,"column":-1}},"8":{"start":{"line":43,"column":0},"end":{"line":null,"column":-1}},"9":{"start":{"line":48,"column":0},"end":{"line":55,"column":0}},"10":{"start":{"line":54,"column":0},"end":{"line":null,"column":-1}},"11":{"start":{"line":57,"column":0},"end":{"line":63,"column":0}},"12":{"start":{"line":61,"column":0},"end":{"line":null,"column":-1}},"13":{"start":{"line":62,"column":0},"end":{"line":null,"column":-1}},"14":{"start":{"line":63,"column":0},"end":{"line":null,"column":-1}},"15":{"start":{"line":67,"column":0},"end":{"line":98,"column":0}},"16":{"start":{"line":68,"column":0},"end":{"line":77,"column":0}},"17":{"start":{"line":69,"column":0},"end":{"line":null,"column":-1}},"18":{"start":{"line":79,"column":0},"end":{"line":97,"column":0}},"19":{"start":{"line":80,"column":0},"end":{"line":null,"column":-1}},"20":{"start":{"line":86,"column":0},"end":{"line":null,"column":-1}},"21":{"start":{"line":93,"column":0},"end":{"line":null,"column":-1}},"22":{"start":{"line":103,"column":0},"end":{"line":null,"column":-1}},"23":{"start":{"line":116,"column":0},"end":{"line":null,"column":-1}},"24":{"start":{"line":117,"column":0},"end":{"line":null,"column":-1}},"25":{"start":{"line":122,"column":0},"end":{"line":127,"column":0}},"26":{"start":{"line":124,"column":0},"end":{"line":null,"column":-1}},"27":{"start":{"line":125,"column":0},"end":{"line":null,"column":-1}},"28":{"start":{"line":126,"column":0},"end":{"line":null,"column":-1}},"29":{"start":{"line":132,"column":0},"end":{"line":149,"column":0}},"30":{"start":{"line":133,"column":0},"end":{"line":null,"column":-1}},"31":{"start":{"line":134,"column":0},"end":{"line":146,"column":0}},"32":{"start":{"line":135,"column":0},"end":{"line":null,"column":-1}},"33":{"start":{"line":140,"column":0},"end":{"line":144,"column":0}},"34":{"start":{"line":142,"column":0},"end":{"line":null,"column":-1}},"35":{"start":{"line":143,"column":0},"end":{"line":null,"column":-1}},"36":{"start":{"line":148,"column":0},"end":{"line":null,"column":-1}},"37":{"start":{"line":153,"column":0},"end":{"line":null,"column":-1}},"38":{"start":{"line":154,"column":0},"end":{"line":158,"column":0}},"39":{"start":{"line":156,"column":0},"end":{"line":null,"column":-1}},"40":{"start":{"line":157,"column":0},"end":{"line":null,"column":-1}}},"fnMap":{"0":{"name":"(anonymous_1)","decl":{"start":{"line":39,"column":0},"end":{"line":null,"column":-1}},"loc":{"start":{"line":39,"column":0},"end":{"line":65,"column":0}}},"1":{"name":"(anonymous_2)","decl":{"start":{"line":57,"column":0},"end":{"line":null,"column":-1}},"loc":{"start":{"line":57,"column":0},"end":{"line":63,"column":0}}},"2":{"name":"(anonymous_3)","decl":{"start":{"line":63,"column":0},"end":{"line":null,"column":-1}},"loc":{"start":{"line":63,"column":0},"end":{"line":null,"column":-1}}},"3":{"name":"(anonymous_4)","decl":{"start":{"line":67,"column":0},"end":{"line":null,"column":-1}},"loc":{"start":{"line":67,"column":0},"end":{"line":98,"column":0}}},"4":{"name":"(anonymous_5)","decl":{"start":{"line":85,"column":0},"end":{"line":null,"column":-1}},"loc":{"start":{"line":85,"column":0},"end":{"line":94,"column":0}}},"5":{"name":"(anonymous_6)","decl":{"start":{"line":122,"column":0},"end":{"line":null,"column":-1}},"loc":{"start":{"line":122,"column":0},"end":{"line":127,"column":0}}},"6":{"name":"(anonymous_7)","decl":{"start":{"line":134,"column":0},"end":{"line":null,"column":-1}},"loc":{"start":{"line":134,"column":0},"end":{"line":146,"column":0}}},"7":{"name":"(anonymous_8)","decl":{"start":{"line":140,"column":0},"end":{"line":null,"column":-1}},"loc":{"start":{"line":140,"column":0},"end":{"line":144,"column":0}}},"8":{"name":"(anonymous_9)","decl":{"start":{"line":154,"column":0},"end":{"line":null,"column":-1}},"loc":{"start":{"line":154,"column":0},"end":{"line":158,"column":0}}}},"branchMap":{"0":{"loc":{"start":{"line":48,"column":0},"end":{"line":55,"column":0}},"type":"if","locations":[{"start":{"line":48,"column":0},"end":{"line":55,"column":0}},{"start":{"line":48,"column":0},"end":{"line":55,"column":0}}]},"1":{"loc":{"start":{"line":48,"column":0},"end":{"line":null,"column":-1}},"type":"binary-expr","locations":[{"start":{"line":48,"column":0},"end":{"line":null,"column":-1}},{"start":{"line":48,"column":0},"end":{"line":null,"column":-1}},{"start":{"line":48,"column":0},"end":{"line":null,"column":-1}}]},"2":{"loc":{"start":{"line":68,"column":0},"end":{"line":77,"column":0}},"type":"if","locations":[{"start":{"line":68,"column":0},"end":{"line":77,"column":0}},{"start":{"line":68,"column":0},"end":{"line":77,"column":0}}]},"3":{"loc":{"start":{"line":79,"column":0},"end":{"line":97,"column":0}},"type":"if","locations":[{"start":{"line":79,"column":0},"end":{"line":97,"column":0}},{"start":{"line":79,"column":0},"end":{"line":97,"column":0}}]},"4":{"loc":{"start":{"line":116,"column":0},"end":{"line":null,"column":-1}},"type":"if","locations":[{"start":{"line":116,"column":0},"end":{"line":null,"column":-1}},{"start":{"line":116,"column":0},"end":{"line":null,"column":-1}}]},"5":{"loc":{"start":{"line":132,"column":0},"end":{"line":149,"column":0}},"type":"if","locations":[{"start":{"line":132,"column":0},"end":{"line":149,"column":0}},{"start":{"line":132,"column":0},"end":{"line":149,"column":0}}]}},"s":{"0":2,"1":2,"2":2,"3":2,"4":2,"5":2,"6":3,"7":3,"8":3,"9":3,"10":0,"11":3,"12":3,"13":3,"14":0,"15":2,"16":3,"17":3,"18":0,"19":0,"20":0,"21":0,"22":4,"23":3,"24":3,"25":0,"26":0,"27":0,"28":0,"29":4,"30":2,"31":2,"32":2,"33":2,"34":2,"35":2,"36":2,"37":1,"38":1,"39":1,"40":1},"f":{"0":3,"1":3,"2":0,"3":3,"4":0,"5":0,"6":2,"7":2,"8":1},"b":{"0":[0,3],"1":[3,2,0],"2":[3,0],"3":[0,0],"4":[0,3],"5":[2,2]}}
,"/Users/jquinten/Projects/wgwdv-app/src/components/WeatherDaily.vue": {"path":"/Users/jquinten/Projects/wgwdv-app/src/components/WeatherDaily.vue","statementMap":{"0":{"start":{"line":19,"column":0},"end":{"line":null,"column":-1}},"1":{"start":{"line":20,"column":0},"end":{"line":null,"column":-1}},"2":{"start":{"line":27,"column":0},"end":{"line":null,"column":-1}},"3":{"start":{"line":32,"column":0},"end":{"line":null,"column":-1}},"4":{"start":{"line":33,"column":0},"end":{"line":null,"column":-1}},"5":{"start":{"line":36,"column":0},"end":{"line":null,"column":-1}},"6":{"start":{"line":39,"column":0},"end":{"line":null,"column":-1}}},"fnMap":{"0":{"name":"(anonymous_1)","decl":{"start":{"line":27,"column":0},"end":{"line":null,"column":-1}},"loc":{"start":{"line":27,"column":0},"end":{"line":null,"column":-1}}},"1":{"name":"(anonymous_2)","decl":{"start":{"line":31,"column":0},"end":{"line":null,"column":-1}},"loc":{"start":{"line":31,"column":0},"end":{"line":34,"column":0}}}},"branchMap":{},"s":{"0":3,"1":3,"2":1,"3":1,"4":1,"5":1,"6":1},"f":{"0":1,"1":1},"b":{}}
,"/Users/jquinten/Projects/wgwdv-app/src/router/index.js": {"path":"/Users/jquinten/Projects/wgwdv-app/src/router/index.js","statementMap":{"0":{"start":{"line":5,"column":0},"end":{"line":5,"column":15}}},"fnMap":{},"branchMap":{},"s":{"0":1},"f":{},"b":{},"_coverageSchema":"332fd63041d2c1bcb487cc26dd0d5f7d97098a6c","hash":"d4bcc57a0dd61d9497414fe7278c648a8cb9522d"}
}
