TN:
SF:/Users/jquinten/Projects/vue-weather/src/components/LocationPicker.vue
FN:20,(anonymous_1)
FN:24,(anonymous_2)
FNF:2
FNH:2
FNDA:1,(anonymous_1)
FNDA:1,(anonymous_2)
DA:20,1
DA:25,1
LF:2
LH:2
BRF:0
BRH:0
end_of_record
TN:
SF:/Users/jquinten/Projects/vue-weather/src/components/Weather.vue
FN:54,(anonymous_1)
FN:69,(anonymous_2)
FN:75,(anonymous_3)
FN:92,(anonymous_4)
FNF:4
FNH:3
FNDA:0,(anonymous_1)
FNDA:2,(anonymous_2)
FNDA:2,(anonymous_3)
FNDA:1,(anonymous_4)
DA:23,2
DA:24,2
DA:26,2
DA:27,2
DA:29,2
DA:30,2
DA:35,4
DA:48,4
DA:49,2
DA:54,0
DA:55,0
DA:60,0
DA:61,0
DA:62,0
DA:67,4
DA:68,2
DA:69,2
DA:70,2
DA:75,2
DA:76,2
DA:81,2
DA:82,2
DA:86,2
DA:91,1
DA:92,1
DA:94,1
DA:95,1
LF:27
LH:22
BRDA:48,0,0,1
BRDA:48,0,1,2
BRDA:67,1,0,2
BRDA:67,1,1,2
BRF:4
BRH:4
end_of_record
TN:
SF:/Users/jquinten/Projects/vue-weather/src/components/WeatherDaily.vue
FN:27,(anonymous_1)
FN:31,(anonymous_2)
FNF:2
FNH:2
FNDA:1,(anonymous_1)
FNDA:1,(anonymous_2)
DA:19,3
DA:20,3
DA:27,1
DA:32,1
DA:33,1
DA:36,1
DA:39,1
LF:7
LH:7
BRF:0
BRH:0
end_of_record
TN:
SF:/Users/jquinten/Projects/vue-weather/src/router/index.js
FNF:0
FNH:0
DA:5,1
LF:1
LH:1
BRF:0
BRH:0
end_of_record
TN:
SF:/Users/jquinten/Projects/vue-weather/src/utils/formatters.js
FN:1,(anonymous_0)
FN:20,(anonymous_1)
FNF:2
FNH:2
FNDA:7,(anonymous_0)
FNDA:2,(anonymous_1)
DA:1,3
DA:2,7
DA:3,6
DA:4,4
DA:14,2
DA:15,1
DA:21,2
DA:28,2
LF:8
LH:8
BRDA:2,0,0,1
BRDA:2,0,1,6
BRDA:3,1,0,4
BRDA:3,1,1,2
BRDA:3,2,0,6
BRDA:3,2,1,3
BRDA:14,3,0,1
BRDA:14,3,1,1
BRF:8
BRH:8
end_of_record
TN:
SF:/Users/jquinten/Projects/vue-weather/src/utils/services.js
FN:3,(anonymous_0)
FN:17,(anonymous_1)
FN:20,(anonymous_2)
FNF:3
FNH:2
FNDA:1,(anonymous_0)
FNDA:1,(anonymous_1)
FNDA:0,(anonymous_2)
DA:3,2
DA:4,1
DA:5,0
DA:8,1
DA:9,1
DA:11,1
DA:15,1
DA:18,1
DA:21,0
LF:9
LH:7
BRDA:4,0,0,0
BRDA:4,0,1,1
BRF:2
BRH:1
end_of_record
